<?xml version="1.0" encoding="UTF-8"?>
<!-- Generated by org.testng.reporters.JUnitXMLReporter -->
<testsuite ignored="1" hostname="Evolve-VM-16" failures="0" tests="2" name="Test" time="14.296" errors="0" timestamp="2022-11-14T12:18:33 CST">
  <testcase classname="Hexaware.tests.SubmitOrderTest" name="SubmitOrder" time="2.938"/>
  <testcase classname="Hexaware.tests.SubmitOrderTest" name="SubmitOrder" time="3.59"/>
  <testcase classname="Hexaware.tests.SubmitOrderTest" name="OrderHistoryTest" time="0.0">
    <ignored/>
  </testcase> <!-- OrderHistoryTest -->
</testsuite> <!-- Test -->
